<?xml version="1.0" encoding="UTF-8"?>
<!-- Generated by org.testng.reporters.JUnitReportReporter -->
<testsuite hostname="DESKTOP-R0NL5GO" failures="0" tests="4" name="com.crm.qa.tests.HomePageTest" time="38.862" errors="0" timestamp="2023-12-31T13:13:23 EST" skipped="0">
  <testcase classname="com.crm.qa.tests.HomePageTest" name="verifyHomePageTitle" time="9.420"/>
  <system-out/>
  <testcase classname="com.crm.qa.tests.HomePageTest" name="verifyUserNameTest" time="9.879"/>
  <system-out/>
  <testcase classname="com.crm.qa.tests.HomePageTest" name="contactsLinkTest" time="10.067"/>
  <system-out/>
  <testcase classname="com.crm.qa.tests.HomePageTest" name="newContactLinkTest" time="9.496"/>
  <system-out/>
</testsuite> <!-- com.crm.qa.tests.HomePageTest -->
