<?xml version="1.0" encoding="UTF-8"?>
<!-- Generated by org.testng.reporters.JUnitReportReporter -->
<testsuite hostname="DESKTOP-R0NL5GO" failures="0" tests="2" name="com.crm.qa.tests.ContactsPageTest" time="22.737" errors="0" timestamp="2023-12-30T21:04:17 EST" skipped="0">
  <testcase classname="com.crm.qa.tests.ContactsPageTest" name="contactsPageTitleTest" time="10.353"/>
  <system-out/>
  <testcase classname="com.crm.qa.tests.ContactsPageTest" name="contactsLableTest" time="12.384"/>
  <system-out/>
</testsuite> <!-- com.crm.qa.tests.ContactsPageTest -->
