<?xml version="1.0" encoding="UTF-8"?>
<!-- Generated by org.testng.reporters.JUnitReportReporter -->
<testsuite hostname="DESKTOP-R0NL5GO" failures="0" tests="4" name="com.crm.qa.tests.HomePageTest" time="32.005" errors="0" timestamp="2024-01-01T17:46:44 EST" skipped="0">
  <testcase classname="com.crm.qa.tests.HomePageTest" name="verifyHomePageTitle" time="5.748"/>
  <testcase classname="com.crm.qa.tests.HomePageTest" name="verifyUserNameTest" time="6.968"/>
  <testcase classname="com.crm.qa.tests.HomePageTest" name="contactsLinkTest" time="9.324"/>
  <testcase classname="com.crm.qa.tests.HomePageTest" name="newContactLinkTest" time="9.965"/>
</testsuite> <!-- com.crm.qa.tests.HomePageTest -->
